0 info it worked if it ends with ok
1 verbose cli [ 'C:\\Program Files\\nodejs\\\\node.exe',
1 verbose cli   'C:\\Program Files\\nodejs\\node_modules\\npm\\bin\\npm-cli.js',
1 verbose cli   'install',
1 verbose cli   'uglfiy-js',
1 verbose cli   '--save' ]
2 info using npm@1.4.14
3 info using node@v0.10.29
4 verbose node symlink C:\Program Files\nodejs\\node.exe
5 verbose readDependencies using package.json deps
6 verbose cache add [ 'uglfiy-js', null ]
7 verbose cache add name=undefined spec="uglfiy-js" args=["uglfiy-js",null]
8 verbose parsed url { protocol: null,
8 verbose parsed url   slashes: null,
8 verbose parsed url   auth: null,
8 verbose parsed url   host: null,
8 verbose parsed url   port: null,
8 verbose parsed url   hostname: null,
8 verbose parsed url   hash: null,
8 verbose parsed url   search: null,
8 verbose parsed url   query: null,
8 verbose parsed url   pathname: 'uglfiy-js',
8 verbose parsed url   path: 'uglfiy-js',
8 verbose parsed url   href: 'uglfiy-js' }
9 silly lockFile db4ca65c-uglfiy-js uglfiy-js
10 verbose lock uglfiy-js C:\Users\david\AppData\Roaming\npm-cache\db4ca65c-uglfiy-js.lock
11 silly lockFile db4ca65c-uglfiy-js uglfiy-js
12 silly lockFile db4ca65c-uglfiy-js uglfiy-js
13 verbose addNamed [ 'uglfiy-js', '' ]
14 verbose addNamed [ null, '*' ]
15 silly lockFile 499aabab-uglfiy-js uglfiy-js@
16 verbose lock uglfiy-js@ C:\Users\david\AppData\Roaming\npm-cache\499aabab-uglfiy-js.lock
17 silly addNameRange { name: 'uglfiy-js', range: '*', hasData: false }
18 verbose url raw uglfiy-js
19 verbose url resolving [ 'https://registry.npmjs.org/', './uglfiy-js' ]
20 verbose url resolved https://registry.npmjs.org/uglfiy-js
21 info trying registry request attempt 1 at 21:59:58
22 http GET https://registry.npmjs.org/uglfiy-js
23 http 404 https://registry.npmjs.org/uglfiy-js
24 verbose headers { date: 'Sun, 05 Oct 2014 01:59:46 GMT',
24 verbose headers   server: 'CouchDB/1.5.0 (Erlang OTP/R14B04)',
24 verbose headers   'content-type': 'application/json',
24 verbose headers   'cache-control': 'max-age=0',
24 verbose headers   'content-length': '52',
24 verbose headers   'accept-ranges': 'bytes',
24 verbose headers   via: '1.1 varnish',
24 verbose headers   age: '0',
24 verbose headers   'x-served-by': 'cache-atl6228-ATL',
24 verbose headers   'x-cache': 'MISS',
24 verbose headers   'x-cache-hits': '0',
24 verbose headers   'x-timer': 'S1412474386.458234,VS0,VE38',
24 verbose headers   'keep-alive': 'timeout=10, max=50',
24 verbose headers   connection: 'Keep-Alive' }
25 silly registry.get cb [ 404,
25 silly registry.get   { date: 'Sun, 05 Oct 2014 01:59:46 GMT',
25 silly registry.get     server: 'CouchDB/1.5.0 (Erlang OTP/R14B04)',
25 silly registry.get     'content-type': 'application/json',
25 silly registry.get     'cache-control': 'max-age=0',
25 silly registry.get     'content-length': '52',
25 silly registry.get     'accept-ranges': 'bytes',
25 silly registry.get     via: '1.1 varnish',
25 silly registry.get     age: '0',
25 silly registry.get     'x-served-by': 'cache-atl6228-ATL',
25 silly registry.get     'x-cache': 'MISS',
25 silly registry.get     'x-cache-hits': '0',
25 silly registry.get     'x-timer': 'S1412474386.458234,VS0,VE38',
25 silly registry.get     'keep-alive': 'timeout=10, max=50',
25 silly registry.get     connection: 'Keep-Alive' } ]
26 silly lockFile 499aabab-uglfiy-js uglfiy-js@
27 silly lockFile 499aabab-uglfiy-js uglfiy-js@
28 error 404 404 Not Found: uglfiy-js
28 error 404
28 error 404 'uglfiy-js' is not in the npm registry.
28 error 404 You should bug the author to publish it
28 error 404 It was specified as a dependency of 'passport'
28 error 404
28 error 404 Maybe try 'npm search uglfiy'
28 error 404
28 error 404 Note that you can also install from a
28 error 404 tarball, folder, or http url, or git url.
29 error System Windows_NT 6.2.9200
30 error command "C:\\Program Files\\nodejs\\\\node.exe" "C:\\Program Files\\nodejs\\node_modules\\npm\\bin\\npm-cli.js" "install" "uglfiy-js" "--save"
31 error cwd C:\Users\david\Desktop\passport\oak-master
32 error node -v v0.10.29
33 error npm -v 1.4.14
34 error code E404
35 verbose exit [ 1, true ]
